<?xml version="1.0" encoding="UTF-8"?>
<testng-results ignored="0" total="1" passed="1" failed="0" skipped="0">
  <reporter-output>
  </reporter-output>
  <suite started-at="2023-07-24T09:17:03 IST" name="Default suite" finished-at="2023-07-24T09:18:14 IST" duration-ms="70594">
    <groups>
    </groups>
    <test started-at="2023-07-24T09:17:03 IST" name="Default test" finished-at="2023-07-24T09:18:14 IST" duration-ms="70594">
      <class name="automation.ScrollToDown">
        <test-method is-config="true" signature="setUp()[pri:0, instance:automation.ScrollToDown@792b749c]" started-at="2023-07-24T09:17:03 IST" name="setUp" finished-at="2023-07-24T09:17:32 IST" duration-ms="28779" status="PASS">
          <reporter-output>
          </reporter-output>
        </test-method> <!-- setUp -->
        <test-method signature="scrollDownToView()[pri:0, instance:automation.ScrollToDown@792b749c]" started-at="2023-07-24T09:17:32 IST" name="scrollDownToView" finished-at="2023-07-24T09:18:11 IST" duration-ms="39015" status="PASS">
          <reporter-output>
          </reporter-output>
        </test-method> <!-- scrollDownToView -->
        <test-method is-config="true" signature="tearDown()[pri:0, instance:automation.ScrollToDown@792b749c]" started-at="2023-07-24T09:18:11 IST" name="tearDown" finished-at="2023-07-24T09:18:14 IST" duration-ms="2719" status="PASS">
          <reporter-output>
          </reporter-output>
        </test-method> <!-- tearDown -->
      </class> <!-- automation.ScrollToDown -->
    </test> <!-- Default test -->
  </suite> <!-- Default suite -->
</testng-results>
