<?xml version="1.0" encoding="UTF-8"?>
<testng-results ignored="0" total="1" passed="1" failed="0" skipped="0">
  <reporter-output>
  </reporter-output>
  <suite started-at="2023-08-21T18:22:42 IST" name="Default suite" finished-at="2023-08-21T18:22:53 IST" duration-ms="10875">
    <groups>
    </groups>
    <test started-at="2023-08-21T18:22:42 IST" name="Default test" finished-at="2023-08-21T18:22:53 IST" duration-ms="10875">
      <class name="testscripts.regression.ValidteSearchHotelUsingDataProvider">
        <test-method is-config="true" signature="fileSetUp()[pri:0, instance:testscripts.regression.ValidteSearchHotelUsingDataProvider@6989da5e]" started-at="2023-08-21T18:22:42 IST" name="fileSetUp" finished-at="2023-08-21T18:22:42 IST" duration-ms="25" status="PASS">
          <reporter-output>
          </reporter-output>
        </test-method> <!-- fileSetUp -->
        <test-method is-config="true" signature="browserAndAppsetUp()[pri:0, instance:testscripts.regression.ValidteSearchHotelUsingDataProvider@6989da5e]" started-at="2023-08-21T18:22:42 IST" name="browserAndAppsetUp" finished-at="2023-08-21T18:22:51 IST" duration-ms="8321" status="PASS">
          <reporter-output>
          </reporter-output>
        </test-method> <!-- browserAndAppsetUp -->
        <test-method signature="validationShotelUsingDP()[pri:0, instance:testscripts.regression.ValidteSearchHotelUsingDataProvider@6989da5e]" started-at="2023-08-21T18:22:51 IST" name="validationShotelUsingDP" finished-at="2023-08-21T18:22:51 IST" duration-ms="25" status="PASS">
          <reporter-output>
          </reporter-output>
        </test-method> <!-- validationShotelUsingDP -->
        <test-method is-config="true" signature="tearDown()[pri:0, instance:testscripts.regression.ValidteSearchHotelUsingDataProvider@6989da5e]" started-at="2023-08-21T18:22:51 IST" name="tearDown" finished-at="2023-08-21T18:22:53 IST" duration-ms="2389" status="PASS">
          <reporter-output>
          </reporter-output>
        </test-method> <!-- tearDown -->
      </class> <!-- testscripts.regression.ValidteSearchHotelUsingDataProvider -->
    </test> <!-- Default test -->
  </suite> <!-- Default suite -->
</testng-results>
